# JRE version: OpenJDK Runtime Environment Temurin-17.0.9+9 (17.0.9+9) (build 17.0.9+9)
# Java VM: OpenJDK 64-Bit Server VM Temurin-17.0.9+9 (17.0.9+9, mixed mode, tiered, compressed oops, compressed class ptrs, parallel gc, windows-amd64)
GC Precious Log:
 CPUs: 8 total, 8 available
 Memory: 16159M
 Large Page Support: Disabled
 NUMA Support: Disabled
 Compressed Oops: Enabled (32-bit)
 Alignments: Space 512K, Generation 512K, Heap 2M
 Heap Min Capacity: 100M
 Heap Initial Capacity: 100M
 Heap Max Capacity: 1G
 Pre-touch: Disabled
 Parallel Workers: 8
Heap:
 PSYoungGen      total 4096K, used 2048K [0x00000000eab00000, 0x00000000eb280000, 0x0000000100000000)
  eden space 2048K, 0% used [0x00000000eab00000,0x00000000eab00000,0x00000000ead00000)
  from space 2048K, 100% used [0x00000000eaf80000,0x00000000eb180000,0x00000000eb180000)
  to   space 2560K, 0% used [0x00000000ead00000,0x00000000ead00000,0x00000000eaf80000)
 ParOldGen       total 179200K, used 177720K [0x00000000c0000000, 0x00000000caf00000, 0x00000000eab00000)
  object space 179200K, 99% used [0x00000000c0000000,0x00000000cad8e388,0x00000000caf00000)
 Metaspace       used 91126K, committed 92608K, reserved 1179648K
  class space    used 9681K, committed 10368K, reserved 1048576K
GC Heap History (20 events):
Event: 2772.640 GC heap after
{Heap after GC invocations=1891 (full 37):
 PSYoungGen      total 3584K, used 1603K [0x00000000eab00000, 0x00000000eb100000, 0x0000000100000000)
  eden space 1536K, 0% used [0x00000000eab00000,0x00000000eab00000,0x00000000eac80000)
  from space 2048K, 78% used [0x00000000eac80000,0x00000000eae10ca0,0x00000000eae80000)
  to   space 2048K, 0% used [0x00000000eaf00000,0x00000000eaf00000,0x00000000eb100000)
 ParOldGen       total 179200K, used 166799K [0x00000000c0000000, 0x00000000caf00000, 0x00000000eab00000)
  object space 179200K, 93% used [0x00000000c0000000,0x00000000ca2e3ed8,0x00000000caf00000)
 Metaspace       used 91118K, committed 92608K, reserved 1179648K
  class space    used 9680K, committed 10368K, reserved 1048576K
}
Event: 2772.667 GC heap before
{Heap before GC invocations=1892 (full 37):
 PSYoungGen      total 3584K, used 3139K [0x00000000eab00000, 0x00000000eb100000, 0x0000000100000000)
  eden space 1536K, 100% used [0x00000000eab00000,0x00000000eac80000,0x00000000eac80000)
  from space 2048K, 78% used [0x00000000eac80000,0x00000000eae10ca0,0x00000000eae80000)
  to   space 2048K, 0% used [0x00000000eaf00000,0x00000000eaf00000,0x00000000eb100000)
 ParOldGen       total 179200K, used 166799K [0x00000000c0000000, 0x00000000caf00000, 0x00000000eab00000)
  object space 179200K, 93% used [0x00000000c0000000,0x00000000ca2e3ed8,0x00000000caf00000)
 Metaspace       used 91118K, committed 92608K, reserved 1179648K
  class space    used 9680K, committed 10368K, reserved 1048576K
}
Event: 2772.682 GC heap after
{Heap after GC invocations=1892 (full 37):
 PSYoungGen      total 4096K, used 1568K [0x00000000eab00000, 0x00000000eb100000, 0x0000000100000000)
  eden space 2048K, 0% used [0x00000000eab00000,0x00000000eab00000,0x00000000ead00000)
  from space 2048K, 76% used [0x00000000eaf00000,0x00000000eb088000,0x00000000eb100000)
  to   space 2048K, 0% used [0x00000000ead00000,0x00000000ead00000,0x00000000eaf00000)
 ParOldGen       total 179200K, used 168322K [0x00000000c0000000, 0x00000000caf00000, 0x00000000eab00000)
  object space 179200K, 93% used [0x00000000c0000000,0x00000000ca460b78,0x00000000caf00000)
 Metaspace       used 91118K, committed 92608K, reserved 1179648K
  class space    used 9680K, committed 10368K, reserved 1048576K
}
Event: 2773.404 GC heap before
{Heap before GC invocations=1893 (full 37):
 PSYoungGen      total 4096K, used 3616K [0x00000000eab00000, 0x00000000eb100000, 0x0000000100000000)
  eden space 2048K, 100% used [0x00000000eab00000,0x00000000ead00000,0x00000000ead00000)
  from space 2048K, 76% used [0x00000000eaf00000,0x00000000eb088000,0x00000000eb100000)
  to   space 2048K, 0% used [0x00000000ead00000,0x00000000ead00000,0x00000000eaf00000)
 ParOldGen       total 179200K, used 168322K [0x00000000c0000000, 0x00000000caf00000, 0x00000000eab00000)
  object space 179200K, 93% used [0x00000000c0000000,0x00000000ca460b78,0x00000000caf00000)
 Metaspace       used 91119K, committed 92608K, reserved 1179648K
  class space    used 9680K, committed 10368K, reserved 1048576K
}
Event: 2773.414 GC heap after
{Heap after GC invocations=1893 (full 37):
 PSYoungGen      total 4096K, used 746K [0x00000000eab00000, 0x00000000eb080000, 0x0000000100000000)
  eden space 2048K, 0% used [0x00000000eab00000,0x00000000eab00000,0x00000000ead00000)
  from space 2048K, 36% used [0x00000000ead00000,0x00000000eadba910,0x00000000eaf00000)
  to   space 1536K, 0% used [0x00000000eaf00000,0x00000000eaf00000,0x00000000eb080000)
 ParOldGen       total 179200K, used 169850K [0x00000000c0000000, 0x00000000caf00000, 0x00000000eab00000)
  object space 179200K, 94% used [0x00000000c0000000,0x00000000ca5deb78,0x00000000caf00000)
 Metaspace       used 91119K, committed 92608K, reserved 1179648K
  class space    used 9680K, committed 10368K, reserved 1048576K
}
Event: 2774.001 GC heap before
{Heap before GC invocations=1894 (full 37):
 PSYoungGen      total 4096K, used 2794K [0x00000000eab00000, 0x00000000eb080000, 0x0000000100000000)
  eden space 2048K, 100% used [0x00000000eab00000,0x00000000ead00000,0x00000000ead00000)
  from space 2048K, 36% used [0x00000000ead00000,0x00000000eadba910,0x00000000eaf00000)
  to   space 1536K, 0% used [0x00000000eaf00000,0x00000000eaf00000,0x00000000eb080000)
 ParOldGen       total 179200K, used 169850K [0x00000000c0000000, 0x00000000caf00000, 0x00000000eab00000)
  object space 179200K, 94% used [0x00000000c0000000,0x00000000ca5deb78,0x00000000caf00000)
 Metaspace       used 91125K, committed 92608K, reserved 1179648K
  class space    used 9681K, committed 10368K, reserved 1048576K
}
Event: 2774.005 GC heap after
{Heap after GC invocations=1894 (full 37):
 PSYoungGen      total 2560K, used 416K [0x00000000eab00000, 0x00000000eaf80000, 0x0000000100000000)
  eden space 2048K, 0% used [0x00000000eab00000,0x00000000eab00000,0x00000000ead00000)
  from space 512K, 81% used [0x00000000eaf00000,0x00000000eaf68000,0x00000000eaf80000)
  to   space 1024K, 0% used [0x00000000ead80000,0x00000000ead80000,0x00000000eae80000)
 ParOldGen       total 179200K, used 170511K [0x00000000c0000000, 0x00000000caf00000, 0x00000000eab00000)
  object space 179200K, 95% used [0x00000000c0000000,0x00000000ca683d98,0x00000000caf00000)
 Metaspace       used 91125K, committed 92608K, reserved 1179648K
  class space    used 9681K, committed 10368K, reserved 1048576K
}
Event: 2774.198 GC heap before
{Heap before GC invocations=1895 (full 37):
 PSYoungGen      total 2560K, used 2464K [0x00000000eab00000, 0x00000000eaf80000, 0x0000000100000000)
  eden space 2048K, 100% used [0x00000000eab00000,0x00000000ead00000,0x00000000ead00000)
  from space 512K, 81% used [0x00000000eaf00000,0x00000000eaf68000,0x00000000eaf80000)
  to   space 1024K, 0% used [0x00000000ead80000,0x00000000ead80000,0x00000000eae80000)
 ParOldGen       total 179200K, used 170511K [0x00000000c0000000, 0x00000000caf00000, 0x00000000eab00000)
  object space 179200K, 95% used [0x00000000c0000000,0x00000000ca683d98,0x00000000caf00000)
 Metaspace       used 91125K, committed 92608K, reserved 1179648K
  class space    used 9681K, committed 10368K, reserved 1048576K
}
Event: 2774.202 GC heap after
{Heap after GC invocations=1895 (full 37):
 PSYoungGen      total 3072K, used 458K [0x00000000eab00000, 0x00000000eaf80000, 0x0000000100000000)
  eden space 2048K, 0% used [0x00000000eab00000,0x00000000eab00000,0x00000000ead00000)
  from space 1024K, 44% used [0x00000000ead80000,0x00000000eadf2910,0x00000000eae80000)
  to   space 512K, 0% used [0x00000000eaf00000,0x00000000eaf00000,0x00000000eaf80000)
 ParOldGen       total 179200K, used 170847K [0x00000000c0000000, 0x00000000caf00000, 0x00000000eab00000)
  object space 179200K, 95% used [0x00000000c0000000,0x00000000ca6d7d98,0x00000000caf00000)
 Metaspace       used 91125K, committed 92608K, reserved 1179648K
  class space    used 9681K, committed 10368K, reserved 1048576K
}
Event: 2774.459 GC heap before
{Heap before GC invocations=1896 (full 37):
 PSYoungGen      total 3072K, used 2266K [0x00000000eab00000, 0x00000000eaf80000, 0x0000000100000000)
  eden space 2048K, 88% used [0x00000000eab00000,0x00000000eacc3fc8,0x00000000ead00000)
  from space 1024K, 44% used [0x00000000ead80000,0x00000000eadf2910,0x00000000eae80000)
  to   space 512K, 0% used [0x00000000eaf00000,0x00000000eaf00000,0x00000000eaf80000)
 ParOldGen       total 179200K, used 170847K [0x00000000c0000000, 0x00000000caf00000, 0x00000000eab00000)
  object space 179200K, 95% used [0x00000000c0000000,0x00000000ca6d7d98,0x00000000caf00000)
 Metaspace       used 91126K, committed 92608K, reserved 1179648K
  class space    used 9681K, committed 10368K, reserved 1048576K
}
Event: 2774.462 GC heap after
{Heap after GC invocations=1896 (full 37):
 PSYoungGen      total 2560K, used 288K [0x00000000eab00000, 0x00000000eaf80000, 0x0000000100000000)
  eden space 2048K, 0% used [0x00000000eab00000,0x00000000eab00000,0x00000000ead00000)
  from space 512K, 56% used [0x00000000eaf00000,0x00000000eaf48000,0x00000000eaf80000)
  to   space 512K, 0% used [0x00000000eae80000,0x00000000eae80000,0x00000000eaf00000)
 ParOldGen       total 179200K, used 171710K [0x00000000c0000000, 0x00000000caf00000, 0x00000000eab00000)
  object space 179200K, 95% used [0x00000000c0000000,0x00000000ca7af9a0,0x00000000caf00000)
 Metaspace       used 91126K, committed 92608K, reserved 1179648K
  class space    used 9681K, committed 10368K, reserved 1048576K
}
Event: 2774.480 GC heap before
{Heap before GC invocations=1897 (full 37):
 PSYoungGen      total 2560K, used 2336K [0x00000000eab00000, 0x00000000eaf80000, 0x0000000100000000)
  eden space 2048K, 100% used [0x00000000eab00000,0x00000000ead00000,0x00000000ead00000)
  from space 512K, 56% used [0x00000000eaf00000,0x00000000eaf48000,0x00000000eaf80000)
  to   space 512K, 0% used [0x00000000eae80000,0x00000000eae80000,0x00000000eaf00000)
 ParOldGen       total 179200K, used 171710K [0x00000000c0000000, 0x00000000caf00000, 0x00000000eab00000)
  object space 179200K, 95% used [0x00000000c0000000,0x00000000ca7af9a0,0x00000000caf00000)
 Metaspace       used 91126K, committed 92608K, reserved 1179648K
  class space    used 9681K, committed 10368K, reserved 1048576K
}
Event: 2774.485 GC heap after
{Heap after GC invocations=1897 (full 37):
 PSYoungGen      total 2560K, used 512K [0x00000000eab00000, 0x00000000eb200000, 0x0000000100000000)
  eden space 2048K, 0% used [0x00000000eab00000,0x00000000eab00000,0x00000000ead00000)
  from space 512K, 100% used [0x00000000eae80000,0x00000000eaf00000,0x00000000eaf00000)
  to   space 2560K, 0% used [0x00000000eaf80000,0x00000000eaf80000,0x00000000eb200000)
 ParOldGen       total 179200K, used 173368K [0x00000000c0000000, 0x00000000caf00000, 0x00000000eab00000)
  object space 179200K, 96% used [0x00000000c0000000,0x00000000ca94e388,0x00000000caf00000)
 Metaspace       used 91126K, committed 92608K, reserved 1179648K
  class space    used 9681K, committed 10368K, reserved 1048576K
}
Event: 2774.502 GC heap before
{Heap before GC invocations=1898 (full 37):
 PSYoungGen      total 2560K, used 2560K [0x00000000eab00000, 0x00000000eb200000, 0x0000000100000000)
  eden space 2048K, 100% used [0x00000000eab00000,0x00000000ead00000,0x00000000ead00000)
  from space 512K, 100% used [0x00000000eae80000,0x00000000eaf00000,0x00000000eaf00000)
  to   space 2560K, 0% used [0x00000000eaf80000,0x00000000eaf80000,0x00000000eb200000)
 ParOldGen       total 179200K, used 173368K [0x00000000c0000000, 0x00000000caf00000, 0x00000000eab00000)
  object space 179200K, 96% used [0x00000000c0000000,0x00000000ca94e388,0x00000000caf00000)
 Metaspace       used 91126K, committed 92608K, reserved 1179648K
  class space    used 9681K, committed 10368K, reserved 1048576K
}
Event: 2774.509 GC heap after
{Heap after GC invocations=1898 (full 37):
 PSYoungGen      total 4608K, used 2112K [0x00000000eab00000, 0x00000000eb200000, 0x0000000100000000)
  eden space 2048K, 0% used [0x00000000eab00000,0x00000000eab00000,0x00000000ead00000)
  from space 2560K, 82% used [0x00000000eaf80000,0x00000000eb190000,0x00000000eb200000)
  to   space 2560K, 0% used [0x00000000ead00000,0x00000000ead00000,0x00000000eaf80000)
 ParOldGen       total 179200K, used 173920K [0x00000000c0000000, 0x00000000caf00000, 0x00000000eab00000)
  object space 179200K, 97% used [0x00000000c0000000,0x00000000ca9d8388,0x00000000caf00000)
 Metaspace       used 91126K, committed 92608K, reserved 1179648K
  class space    used 9681K, committed 10368K, reserved 1048576K
}
Event: 2774.535 GC heap before
{Heap before GC invocations=1899 (full 37):
 PSYoungGen      total 4608K, used 4160K [0x00000000eab00000, 0x00000000eb200000, 0x0000000100000000)
  eden space 2048K, 100% used [0x00000000eab00000,0x00000000ead00000,0x00000000ead00000)
  from space 2560K, 82% used [0x00000000eaf80000,0x00000000eb190000,0x00000000eb200000)
  to   space 2560K, 0% used [0x00000000ead00000,0x00000000ead00000,0x00000000eaf80000)
 ParOldGen       total 179200K, used 173920K [0x00000000c0000000, 0x00000000caf00000, 0x00000000eab00000)
  object space 179200K, 97% used [0x00000000c0000000,0x00000000ca9d8388,0x00000000caf00000)
 Metaspace       used 91126K, committed 92608K, reserved 1179648K
  class space    used 9681K, committed 10368K, reserved 1048576K
}
Event: 2774.569 GC heap after
{Heap after GC invocations=1899 (full 37):
 PSYoungGen      total 4608K, used 1824K [0x00000000eab00000, 0x00000000eb180000, 0x0000000100000000)
  eden space 2048K, 0% used [0x00000000eab00000,0x00000000eab00000,0x00000000ead00000)
  from space 2560K, 71% used [0x00000000ead00000,0x00000000eaec8000,0x00000000eaf80000)
  to   space 2048K, 0% used [0x00000000eaf80000,0x00000000eaf80000,0x00000000eb180000)
 ParOldGen       total 179200K, used 175968K [0x00000000c0000000, 0x00000000caf00000, 0x00000000eab00000)
  object space 179200K, 98% used [0x00000000c0000000,0x00000000cabd8388,0x00000000caf00000)
 Metaspace       used 91126K, committed 92608K, reserved 1179648K
  class space    used 9681K, committed 10368K, reserved 1048576K
}
Event: 2774.600 GC heap before
{Heap before GC invocations=1900 (full 37):
 PSYoungGen      total 4608K, used 3872K [0x00000000eab00000, 0x00000000eb180000, 0x0000000100000000)
  eden space 2048K, 100% used [0x00000000eab00000,0x00000000ead00000,0x00000000ead00000)
  from space 2560K, 71% used [0x00000000ead00000,0x00000000eaec8000,0x00000000eaf80000)
  to   space 2048K, 0% used [0x00000000eaf80000,0x00000000eaf80000,0x00000000eb180000)
 ParOldGen       total 179200K, used 175968K [0x00000000c0000000, 0x00000000caf00000, 0x00000000eab00000)
  object space 179200K, 98% used [0x00000000c0000000,0x00000000cabd8388,0x00000000caf00000)
 Metaspace       used 91126K, committed 92608K, reserved 1179648K
  class space    used 9681K, committed 10368K, reserved 1048576K
}
Event: 2774.608 GC heap after
{Heap after GC invocations=1900 (full 37):
 PSYoungGen      total 4096K, used 2048K [0x00000000eab00000, 0x00000000eb280000, 0x0000000100000000)
  eden space 2048K, 0% used [0x00000000eab00000,0x00000000eab00000,0x00000000ead00000)
  from space 2048K, 100% used [0x00000000eaf80000,0x00000000eb180000,0x00000000eb180000)
  to   space 2560K, 0% used [0x00000000ead00000,0x00000000ead00000,0x00000000eaf80000)
 ParOldGen       total 179200K, used 177720K [0x00000000c0000000, 0x00000000caf00000, 0x00000000eab00000)
  object space 179200K, 99% used [0x00000000c0000000,0x00000000cad8e388,0x00000000caf00000)
 Metaspace       used 91126K, committed 92608K, reserved 1179648K
  class space    used 9681K, committed 10368K, reserved 1048576K
}
Event: 2774.608 GC heap before
{Heap before GC invocations=1901 (full 38):
 PSYoungGen      total 4096K, used 2048K [0x00000000eab00000, 0x00000000eb280000, 0x0000000100000000)
  eden space 2048K, 0% used [0x00000000eab00000,0x00000000eab00000,0x00000000ead00000)
  from space 2048K, 100% used [0x00000000eaf80000,0x00000000eb180000,0x00000000eb180000)
  to   space 2560K, 0% used [0x00000000ead00000,0x00000000ead00000,0x00000000eaf80000)
 ParOldGen       total 179200K, used 177720K [0x00000000c0000000, 0x00000000caf00000, 0x00000000eab00000)
  object space 179200K, 99% used [0x00000000c0000000,0x00000000cad8e388,0x00000000caf00000)
 Metaspace       used 91126K, committed 92608K, reserved 1179648K
  class space    used 9681K, committed 10368K, reserved 1048576K
}

